<?xml version="1.0" encoding="UTF-8"?>
<testng-results skipped="0" failed="0" total="2" passed="2">
  <reporter-output>
  </reporter-output>
  <suite name="Grid Test" duration-ms="45034" started-at="2017-01-09T01:54:01Z" finished-at="2017-01-09T01:54:46Z">
    <groups>
    </groups>
    <test name="On Chrome" duration-ms="28109" started-at="2017-01-09T01:54:01Z" finished-at="2017-01-09T01:54:29Z">
      <class name="grid.GridEg2">
        <test-method status="PASS" signature="grid(java.lang.String)[pri:0, instance:grid.GridEg2@630ed39f]" name="grid" duration-ms="28057" started-at="2017-01-09T07:24:01Z" finished-at="2017-01-09T07:24:29Z">
          <params>
            <param index="0">
              <value>
                <![CDATA[chrome]]>
              </value>
            </param>
          </params>
          <reporter-output>
          </reporter-output>
        </test-method> <!-- grid -->
      </class> <!-- grid.GridEg2 -->
    </test> <!-- On Chrome -->
    <test name="On Firefox" duration-ms="45034" started-at="2017-01-09T01:54:01Z" finished-at="2017-01-09T01:54:46Z">
      <class name="grid.GridEg2">
        <test-method status="PASS" signature="grid(java.lang.String)[pri:0, instance:grid.GridEg2@157032da]" name="grid" duration-ms="44987" started-at="2017-01-09T07:24:01Z" finished-at="2017-01-09T07:24:46Z">
          <params>
            <param index="0">
              <value>
                <![CDATA[firefox]]>
              </value>
            </param>
          </params>
          <reporter-output>
          </reporter-output>
        </test-method> <!-- grid -->
      </class> <!-- grid.GridEg2 -->
    </test> <!-- On Firefox -->
  </suite> <!-- Grid Test -->
</testng-results>
